# JRE version: 7.0_25-b17
# Java VM: Java HotSpot(TM) 64-Bit Server VM (23.25-b01 mixed mode windows-amd64 compressed oops)
Heap
 PSYoungGen      total 233024K, used 40298K [0x00000000eaab0000, 0x0000000100000000, 0x0000000100000000)
  eden space 116544K, 16% used [0x00000000eaab0000,0x00000000ebdb5368,0x00000000f1c80000)
  from space 116480K, 17% used [0x00000000f8e40000,0x00000000fa295860,0x0000000100000000)
  to   space 116480K, 0% used [0x00000000f1c80000,0x00000000f1c80000,0x00000000f8e40000)
 ParOldGen       total 406272K, used 259297K [0x00000000c0000000, 0x00000000d8cc0000, 0x00000000eaab0000)
  object space 406272K, 63% used [0x00000000c0000000,0x00000000cfd386b0,0x00000000d8cc0000)
 PSPermGen       total 21248K, used 6353K [0x00000000bae00000, 0x00000000bc2c0000, 0x00000000c0000000)
  object space 21248K, 29% used [0x00000000bae00000,0x00000000bb434410,0x00000000bc2c0000)
GC Heap History (10 events):
Event: 20.710 GC heap before
{Heap before GC invocations=20 (full 4):
 PSYoungGen      total 248256K, used 176646K [0x00000000eaab0000, 0x0000000100000000, 0x0000000100000000)
  eden space 155584K, 100% used [0x00000000eaab0000,0x00000000f42a0000,0x00000000f42a0000)
  from space 92672K, 22% used [0x00000000fa580000,0x00000000fba118b0,0x0000000100000000)
  to   space 96960K, 0% used [0x00000000f42a0000,0x00000000f42a0000,0x00000000fa150000)
 ParOldGen       total 370816K, used 244152K [0x00000000c0000000, 0x00000000d6a20000, 0x00000000eaab0000)
  object space 370816K, 65% used [0x00000000c0000000,0x00000000cee6e078,0x00000000d6a20000)
 PSPermGen       total 21248K, used 6267K [0x00000000bae00000, 0x00000000bc2c0000, 0x00000000c0000000)
  object space 21248K, 29% used [0x00000000bae00000,0x00000000bb41eed8,0x00000000bc2c0000)
Event: 20.815 GC heap after
Heap after GC invocations=20 (full 4):
 PSYoungGen      total 225152K, used 69527K [0x00000000eaab0000, 0x0000000100000000, 0x0000000100000000)
  eden space 155584K, 0% used [0x00000000eaab0000,0x00000000eaab0000,0x00000000f42a0000)
  from space 69568K, 99% used [0x00000000f42a0000,0x00000000f8685f60,0x00000000f8690000)
  to   space 103872K, 0% used [0x00000000f9a90000,0x00000000f9a90000,0x0000000100000000)
 ParOldGen       total 370816K, used 244152K [0x00000000c0000000, 0x00000000d6a20000, 0x00000000eaab0000)
  object space 370816K, 65% used [0x00000000c0000000,0x00000000cee6e078,0x00000000d6a20000)
 PSPermGen       total 21248K, used 6267K [0x00000000bae00000, 0x00000000bc2c0000, 0x00000000c0000000)
  object space 21248K, 29% used [0x00000000bae00000,0x00000000bb41eed8,0x00000000bc2c0000)
}
Event: 21.405 GC heap before
{Heap before GC invocations=21 (full 4):
 PSYoungGen      total 225152K, used 225111K [0x00000000eaab0000, 0x0000000100000000, 0x0000000100000000)
  eden space 155584K, 100% used [0x00000000eaab0000,0x00000000f42a0000,0x00000000f42a0000)
  from space 69568K, 99% used [0x00000000f42a0000,0x00000000f8685f60,0x00000000f8690000)
  to   space 103872K, 0% used [0x00000000f9a90000,0x00000000f9a90000,0x0000000100000000)
 ParOldGen       total 370816K, used 244152K [0x00000000c0000000, 0x00000000d6a20000, 0x00000000eaab0000)
  object space 370816K, 65% used [0x00000000c0000000,0x00000000cee6e078,0x00000000d6a20000)
 PSPermGen       total 21248K, used 6273K [0x00000000bae00000, 0x00000000bc2c0000, 0x00000000c0000000)
  object space 21248K, 29% used [0x00000000bae00000,0x00000000bb420670,0x00000000bc2c0000)
Event: 21.657 GC heap after
Heap after GC invocations=21 (full 4):
 PSYoungGen      total 220416K, used 103850K [0x00000000eaab0000, 0x0000000100000000, 0x0000000100000000)
  eden space 116544K, 0% used [0x00000000eaab0000,0x00000000eaab0000,0x00000000f1c80000)
  from space 103872K, 99% used [0x00000000f9a90000,0x00000000ffffa998,0x0000000100000000)
  to   space 116480K, 0% used [0x00000000f1c80000,0x00000000f1c80000,0x00000000f8e40000)
 ParOldGen       total 370816K, used 269412K [0x00000000c0000000, 0x00000000d6a20000, 0x00000000eaab0000)
  object space 370816K, 72% used [0x00000000c0000000,0x00000000d0719308,0x00000000d6a20000)
 PSPermGen       total 21248K, used 6273K [0x00000000bae00000, 0x00000000bc2c0000, 0x00000000c0000000)
  object space 21248K, 29% used [0x00000000bae00000,0x00000000bb420670,0x00000000bc2c0000)
}
Event: 21.762 GC heap before
{Heap before GC invocations=22 (full 4):
 PSYoungGen      total 220416K, used 220394K [0x00000000eaab0000, 0x0000000100000000, 0x0000000100000000)
  eden space 116544K, 100% used [0x00000000eaab0000,0x00000000f1c80000,0x00000000f1c80000)
  from space 103872K, 99% used [0x00000000f9a90000,0x00000000ffffa998,0x0000000100000000)
  to   space 116480K, 0% used [0x00000000f1c80000,0x00000000f1c80000,0x00000000f8e40000)
 ParOldGen       total 370816K, used 269412K [0x00000000c0000000, 0x00000000d6a20000, 0x00000000eaab0000)
  object space 370816K, 72% used [0x00000000c0000000,0x00000000d0719308,0x00000000d6a20000)
 PSPermGen       total 21248K, used 6279K [0x00000000bae00000, 0x00000000bc2c0000, 0x00000000c0000000)
  object space 21248K, 29% used [0x00000000bae00000,0x00000000bb421c98,0x00000000bc2c0000)
Event: 21.947 GC heap after
Heap after GC invocations=22 (full 4):
 PSYoungGen      total 233024K, used 116471K [0x00000000eaab0000, 0x0000000100000000, 0x0000000100000000)
  eden space 116544K, 0% used [0x00000000eaab0000,0x00000000eaab0000,0x00000000f1c80000)
  from space 116480K, 99% used [0x00000000f1c80000,0x00000000f8e3df20,0x00000000f8e40000)
  to   space 116480K, 0% used [0x00000000f8e40000,0x00000000f8e40000,0x0000000100000000)
 ParOldGen       total 370816K, used 313232K [0x00000000c0000000, 0x00000000d6a20000, 0x00000000eaab0000)
  object space 370816K, 84% used [0x00000000c0000000,0x00000000d31e4008,0x00000000d6a20000)
 PSPermGen       total 21248K, used 6279K [0x00000000bae00000, 0x00000000bc2c0000, 0x00000000c0000000)
  object space 21248K, 29% used [0x00000000bae00000,0x00000000bb421c98,0x00000000bc2c0000)
}
Event: 21.947 GC heap before
{Heap before GC invocations=23 (full 5):
 PSYoungGen      total 233024K, used 116471K [0x00000000eaab0000, 0x0000000100000000, 0x0000000100000000)
  eden space 116544K, 0% used [0x00000000eaab0000,0x00000000eaab0000,0x00000000f1c80000)
  from space 116480K, 99% used [0x00000000f1c80000,0x00000000f8e3df20,0x00000000f8e40000)
  to   space 116480K, 0% used [0x00000000f8e40000,0x00000000f8e40000,0x0000000100000000)
 ParOldGen       total 370816K, used 313232K [0x00000000c0000000, 0x00000000d6a20000, 0x00000000eaab0000)
  object space 370816K, 84% used [0x00000000c0000000,0x00000000d31e4008,0x00000000d6a20000)
 PSPermGen       total 21248K, used 6279K [0x00000000bae00000, 0x00000000bc2c0000, 0x00000000c0000000)
  object space 21248K, 29% used [0x00000000bae00000,0x00000000bb421c98,0x00000000bc2c0000)
Event: 22.935 GC heap after
Heap after GC invocations=23 (full 5):
 PSYoungGen      total 233024K, used 0K [0x00000000eaab0000, 0x0000000100000000, 0x0000000100000000)
  eden space 116544K, 0% used [0x00000000eaab0000,0x00000000eaab0000,0x00000000f1c80000)
  from space 116480K, 0% used [0x00000000f1c80000,0x00000000f1c80000,0x00000000f8e40000)
  to   space 116480K, 0% used [0x00000000f8e40000,0x00000000f8e40000,0x0000000100000000)
 ParOldGen       total 406272K, used 259297K [0x00000000c0000000, 0x00000000d8cc0000, 0x00000000eaab0000)
  object space 406272K, 63% used [0x00000000c0000000,0x00000000cfd386b0,0x00000000d8cc0000)
 PSPermGen       total 21248K, used 6278K [0x00000000bae00000, 0x00000000bc2c0000, 0x00000000c0000000)
  object space 21248K, 29% used [0x00000000bae00000,0x00000000bb421b38,0x00000000bc2c0000)
}
Event: 23.302 GC heap before
{Heap before GC invocations=24 (full 5):
 PSYoungGen      total 233024K, used 116544K [0x00000000eaab0000, 0x0000000100000000, 0x0000000100000000)
  eden space 116544K, 100% used [0x00000000eaab0000,0x00000000f1c80000,0x00000000f1c80000)
  from space 116480K, 0% used [0x00000000f1c80000,0x00000000f1c80000,0x00000000f8e40000)
  to   space 116480K, 0% used [0x00000000f8e40000,0x00000000f8e40000,0x0000000100000000)
 ParOldGen       total 406272K, used 259297K [0x00000000c0000000, 0x00000000d8cc0000, 0x00000000eaab0000)
  object space 406272K, 63% used [0x00000000c0000000,0x00000000cfd386b0,0x00000000d8cc0000)
 PSPermGen       total 21248K, used 6278K [0x00000000bae00000, 0x00000000bc2c0000, 0x00000000c0000000)
  object space 21248K, 29% used [0x00000000bae00000,0x00000000bb421b38,0x00000000bc2c0000)
Event: 23.345 GC heap after
Heap after GC invocations=24 (full 5):
 PSYoungGen      total 233024K, used 20822K [0x00000000eaab0000, 0x0000000100000000, 0x0000000100000000)
  eden space 116544K, 0% used [0x00000000eaab0000,0x00000000eaab0000,0x00000000f1c80000)
  from space 116480K, 17% used [0x00000000f8e40000,0x00000000fa295860,0x0000000100000000)
  to   space 116480K, 0% used [0x00000000f1c80000,0x00000000f1c80000,0x00000000f8e40000)
 ParOldGen       total 406272K, used 259297K [0x00000000c0000000, 0x00000000d8cc0000, 0x00000000eaab0000)
  object space 406272K, 63% used [0x00000000c0000000,0x00000000cfd386b0,0x00000000d8cc0000)
 PSPermGen       total 21248K, used 6278K [0x00000000bae00000, 0x00000000bc2c0000, 0x00000000c0000000)
  object space 21248K, 29% used [0x00000000bae00000,0x00000000bb421b38,0x00000000bc2c0000)
}

